0 info it worked if it ends with ok
1 verbose cli [ 'C:\\Program Files\\nodejs\\node.exe',
1 verbose cli   'C:\\Program Files\\nodejs\\node_modules\\npm\\bin\\npm-cli.js',
1 verbose cli   'run',
1 verbose cli   'build' ]
2 info using npm@3.10.10
3 info using node@v6.11.4
4 verbose run-script [ 'prebuild', 'build', 'postbuild' ]
5 info lifecycle @~prebuild: @
6 silly lifecycle @~prebuild: no script for prebuild, continuing
7 info lifecycle @~build: @
8 verbose lifecycle @~build: unsafe-perm in lifecycle true
9 verbose lifecycle @~build: PATH: C:\Program Files\nodejs\node_modules\npm\bin\node-gyp-bin;F:\CIS565GPU_projects\Project5\Project5-WebGL-Clustered-Deferred-Forward-Plus\node_modules\.bin;C:\Users\Lao Di\AppData\Local\GitHub\PortableGit_f02737a78695063deace08e96d5042710d3e32db\cmd;C:\Users\Lao Di\AppData\Local\GitHub\PortableGit_f02737a78695063deace08e96d5042710d3e32db\usr\bin;C:\Users\Lao Di\AppData\Local\GitHub\PortableGit_f02737a78695063deace08e96d5042710d3e32db\usr\share\git-tfs;C:\Users\Lao Di\AppData\Local\Apps\2.0\C2GZ0GAC.L9O\BX2JQKZV.1DC\gith..tion_317444273a93ac29_0003.0003_5794af8169eeff14;C:\Users\Lao Di\AppData\Local\GitHub\lfs-amd64_1.5.5;C:\VulkanSDK\1.0.61.1\Bin;C:\Program Files\NVIDIA GPU Computing Toolkit\CUDA\v8.0\bin;C:\Program Files\NVIDIA GPU Computing Toolkit\CUDA\v8.0\libnvvp;C:\ProgramData\Oracle\Java\javapath;C:\Windows\system32;C:\Windows;C:\Windows\System32\Wbem;C:\Windows\System32\WindowsPowerShell\v1.0\;C:\Program Files\Microsoft SQL Server\130\Tools\Binn\;C:\Program Files (x86)\Skype\Phone\;C:\WINDOWS\system32;C:\WINDOWS;C:\WINDOWS\System32\Wbem;C:\WINDOWS\System32\WindowsPowerShell\v1.0\;E:\Program Files (x86)\QuickTime\QTSystem\;C:\Program Files (x86)\GtkSharp\2.12\bin;C:\Users\Lao Di\.dnx\bin;C:\Program Files\Microsoft DNX\Dnvm\;C:\Program Files (x86)\Windows Kits\10\Windows Performance Toolkit\;E:\Program Files\CMake\bin;C:\Program Files\Microsoft\Web Platform Installer\;C:\Program Files (x86)\Microsoft ASP.NET\ASP.NET Web Pages\v1.0\;C:\Program Files\Microsoft SQL Server\110\Tools\Binn\;E:\Program Files\MATLAB\R2017a\runtime\win64;E:\Program Files\MATLAB\R2017a\bin;C:\Program Files\nodejs\;C:\Program Files (x86)\NVIDIA Corporation\PhysX\Common;C:\Users\Lao Di\AppData\Local\Microsoft\WindowsApps;C:\Users\Lao Di\AppData\Local\atom\bin;E:\Program Files\CMake\bin;C:\Users\Lao Di\AppData\Roaming\npm;C:\Python27\Scripts;C:\Program Files (x86)\MSBuild\14.0\bin\;C:\Program Files (x86)\Microsoft SDKs\Windows\v8.1A\bin\NETFX 4.5.1 Tools\x64
10 verbose lifecycle @~build: CWD: F:\CIS565GPU_projects\Project5\Project5-WebGL-Clustered-Deferred-Forward-Plus
11 silly lifecycle @~build: Args: [ '/d /s /c', 'webpack -p' ]
12 silly lifecycle @~build: Returned: code: 2  signal: null
13 info lifecycle @~build: Failed to exec build script
14 verbose stack Error: @ build: `webpack -p`
14 verbose stack Exit status 2
14 verbose stack     at EventEmitter.<anonymous> (C:\Program Files\nodejs\node_modules\npm\lib\utils\lifecycle.js:255:16)
14 verbose stack     at emitTwo (events.js:106:13)
14 verbose stack     at EventEmitter.emit (events.js:191:7)
14 verbose stack     at ChildProcess.<anonymous> (C:\Program Files\nodejs\node_modules\npm\lib\utils\spawn.js:40:14)
14 verbose stack     at emitTwo (events.js:106:13)
14 verbose stack     at ChildProcess.emit (events.js:191:7)
14 verbose stack     at maybeClose (internal/child_process.js:920:16)
14 verbose stack     at Process.ChildProcess._handle.onexit (internal/child_process.js:230:5)
15 verbose pkgid @
16 verbose cwd F:\CIS565GPU_projects\Project5\Project5-WebGL-Clustered-Deferred-Forward-Plus
17 error Windows_NT 10.0.14393
18 error argv "C:\\Program Files\\nodejs\\node.exe" "C:\\Program Files\\nodejs\\node_modules\\npm\\bin\\npm-cli.js" "run" "build"
19 error node v6.11.4
20 error npm  v3.10.10
21 error code ELIFECYCLE
22 error @ build: `webpack -p`
22 error Exit status 2
23 error Failed at the @ build script 'webpack -p'.
23 error Make sure you have the latest version of node.js and npm installed.
23 error If you do, this is most likely a problem with the  package,
23 error not with npm itself.
23 error Tell the author that this fails on your system:
23 error     webpack -p
23 error You can get information on how to open an issue for this project with:
23 error     npm bugs
23 error Or if that isn't available, you can get their info via:
23 error     npm owner ls
23 error There is likely additional logging output above.
24 verbose exit [ 1, true ]
